[21:50:51:205272 +00:-1] [Thread 9048] PLAYER: ( 76561198070014815 ) R [RSG]First's Party:2 ([RSG]Emty) REMOTE SOLD ITEM arifle_Mk20_F FOR 85 POPTABS AND 8.5 RESPECT | PLAYER TOTAL MONEY: 85
[21:50:54:603724 +00:-1] [Thread 9036] PLAYER: ( 76561198070014815 ) R [RSG]First's Party:2 ([RSG]Emty) REMOTE SOLD ITEM hgun_P07_F FOR 50 POPTABS AND 5 RESPECT | PLAYER TOTAL MONEY: 135
[21:50:55:878314 +00:-1] [Thread 9044] PLAYER: ( 76561198070014815 ) R [RSG]First's Party:2 ([RSG]Emty) REMOTE SOLD ITEM H_Cap_blk_Raven FOR 3 POPTABS AND 0.3 RESPECT | PLAYER TOTAL MONEY: 138
[21:51:02:254976 +00:-1] [Thread 9048] PLAYER: ( 76561198070014815 ) R [RSG]First's Party:2 ([RSG]Emty) REMOTE SOLD ITEM Binocular FOR 20 POPTABS AND 2 RESPECT | PLAYER TOTAL MONEY: 158
[21:51:12:320334 +00:-1] [Thread 9044] PLAYER: ( 76561198070014815 ) R [RSG]First's Party:2 ([RSG]Emty) REMOTE SOLD ITEM Exile_Item_Can_Empty FOR 1 POPTABS AND 0.1 RESPECT | PLAYER TOTAL MONEY: 159
[21:51:14:929218 +00:-1] [Thread 9060] PLAYER: ( 76561198070014815 ) R [RSG]First's Party:2 ([RSG]Emty) REMOTE SOLD ITEM 10Rnd_9x21_Mag FOR 5 POPTABS AND 0.5 RESPECT | PLAYER TOTAL MONEY: 164
[21:51:16:117970 +00:-1] [Thread 9044] PLAYER: ( 76561198070014815 ) R [RSG]First's Party:2 ([RSG]Emty) REMOTE SOLD ITEM 10Rnd_9x21_Mag FOR 5 POPTABS AND 0.5 RESPECT | PLAYER TOTAL MONEY: 169
[21:51:16:910597 +00:-1] [Thread 9060] PLAYER: ( 76561198070014815 ) R [RSG]First's Party:2 ([RSG]Emty) REMOTE SOLD ITEM 10Rnd_9x21_Mag FOR 5 POPTABS AND 0.5 RESPECT | PLAYER TOTAL MONEY: 174
[21:51:17:831854 +00:-1] [Thread 9060] PLAYER: ( 76561198070014815 ) R [RSG]First's Party:2 ([RSG]Emty) REMOTE SOLD ITEM Exile_Item_MacasCheese FOR 10 POPTABS AND 1 RESPECT | PLAYER TOTAL MONEY: 184
[21:51:21:867031 +00:-1] [Thread 9036] PLAYER: ( 76561198070014815 ) R [RSG]First's Party:2 ([RSG]Emty) REMOTE SOLD ITEM Exile_Item_DogFood FOR 9 POPTABS AND 0.9 RESPECT | PLAYER TOTAL MONEY: 193
[21:51:25:933774 +00:-1] [Thread 9044] PLAYER: ( 76561198070014815 ) R [RSG]First's Party:2 ([RSG]Emty) REMOTE SOLD ITEM Exile_Item_MountainDupe FOR 15 POPTABS AND 1.5 RESPECT | PLAYER TOTAL MONEY: 208
[21:51:26:734372 +00:-1] [Thread 9036] PLAYER: ( 76561198070014815 ) R [RSG]First's Party:2 ([RSG]Emty) REMOTE SOLD ITEM Exile_Item_MountainDupe FOR 15 POPTABS AND 1.5 RESPECT | PLAYER TOTAL MONEY: 223
[21:51:27:757608 +00:-1] [Thread 9060] PLAYER: ( 76561198070014815 ) R [RSG]First's Party:2 ([RSG]Emty) REMOTE SOLD ITEM 10Rnd_9x21_Mag FOR 5 POPTABS AND 0.5 RESPECT | PLAYER TOTAL MONEY: 228
[21:51:29:642704 +00:-1] [Thread 9044] PLAYER: ( 76561198070014815 ) R [RSG]First's Party:2 ([RSG]Emty) REMOTE SOLD ITEM 30Rnd_556x45_Stanag FOR 10 POPTABS AND 1 RESPECT | PLAYER TOTAL MONEY: 238
[21:51:32:195120 +00:-1] [Thread 9060] PLAYER: ( 76561198070014815 ) R [RSG]First's Party:2 ([RSG]Emty) REMOTE SOLD ITEM 30Rnd_556x45_Stanag FOR 10 POPTABS AND 1 RESPECT | PLAYER TOTAL MONEY: 248
[21:51:38:219092 +00:-1] [Thread 9044] PLAYER: ( 76561198070014815 ) R [RSG]First's Party:2 ([RSG]Emty) REMOTE SOLD ITEM Exile_Item_CatFood FOR 12 POPTABS AND 1.2 RESPECT | PLAYER TOTAL MONEY: 260
[21:51:40:343390 +00:-1] [Thread 9060] PLAYER: ( 76561198070014815 ) R [RSG]First's Party:2 ([RSG]Emty) REMOTE SOLD ITEM Exile_Item_GloriousKnakworst FOR 20 POPTABS AND 2 RESPECT | PLAYER TOTAL MONEY: 280
[21:51:44:093009 +00:-1] [Thread 9036] PLAYER: ( 76561198070014815 ) R [RSG]First's Party:2 ([RSG]Emty) REMOTE SOLD ITEM 30Rnd_9x21_Yellow_Mag FOR 20 POPTABS AND 2 RESPECT | PLAYER TOTAL MONEY: 300
[21:51:48:495543 +00:-1] [Thread 9060] PLAYER: ( 76561198070014815 ) R [RSG]First's Party:2 ([RSG]Emty) REMOTE SOLD ITEM 9Rnd_45ACP_Mag FOR 3 POPTABS AND 0.3 RESPECT | PLAYER TOTAL MONEY: 303
[21:51:50:650431 +00:-1] [Thread 9060] PLAYER: ( 76561198070014815 ) R [RSG]First's Party:2 ([RSG]Emty) REMOTE SOLD ITEM 9Rnd_45ACP_Mag FOR 3 POPTABS AND 0.3 RESPECT | PLAYER TOTAL MONEY: 306
[21:52:00:760255 +00:-1] [Thread 9044] PLAYER: ( 76561198070014815 ) R [RSG]First's Party:2 ([RSG]Emty) REMOTE SOLD ITEM Exile_Item_DuctTape FOR 150 POPTABS AND 15 RESPECT | PLAYER TOTAL MONEY: 456
[21:52:04:404051 +00:-1] [Thread 9036] PLAYER: ( 76561198070014815 ) R [RSG]First's Party:2 ([RSG]Emty) REMOTE SOLD ITEM Exile_Item_MacasCheese FOR 10 POPTABS AND 1 RESPECT | PLAYER TOTAL MONEY: 466
[21:52:06:779250 +00:-1] [Thread 9048] PLAYER: ( 76561198070014815 ) R [RSG]First's Party:2 ([RSG]Emty) REMOTE SOLD ITEM hgun_ACPC2_F FOR 25 POPTABS AND 2.5 RESPECT | PLAYER TOTAL MONEY: 491
[21:52:09:007177 +00:-1] [Thread 9044] PLAYER: ( 76561198070014815 ) R [RSG]First's Party:2 ([RSG]Emty) REMOTE SOLD ITEM V_TacVest_blk_POLICE FOR 25 POPTABS AND 2.5 RESPECT | PLAYER TOTAL MONEY: 516
[21:52:11:893583 +00:-1] [Thread 9036] PLAYER: ( 76561198070014815 ) R [RSG]First's Party:2 ([RSG]Emty) REMOTE SOLD ITEM muzzle_snds_L FOR 5 POPTABS AND 0.5 RESPECT | PLAYER TOTAL MONEY: 521
[21:52:43:428655 +00:-1] [Thread 9048] PLAYER: ( 76561198070014815 ) R [RSG]First's Party:2 ([RSG]Emty) REMOTE SOLD ITEM Exile_Item_MacasCheese FOR 10 POPTABS AND 1 RESPECT | PLAYER TOTAL MONEY: 531
[21:52:51:475736 +00:-1] [Thread 9044] PLAYER: ( 76561198070014815 ) R [RSG]First's Party:2 ([RSG]Emty) REMOTE SOLD ITEM Exile_Item_EnergyDrink FOR 20 POPTABS AND 2 RESPECT | PLAYER TOTAL MONEY: 551
